Not using distributed mode
git:
  sha: c281874926e119e667220dbe0dcba376bd14ff27, status: clean, branch: master

Namespace(aux_loss=True, backbone='resnet50', batch_size=32, bbox_loss_coef=5, clip_max_norm=0.1, coco_panoptic_path=None, coco_path='/home/nhmy/workspace/dataset/visdrone-coco/', dataset_file='coco', dec_layers=6, device='cuda', dice_loss_coef=1, dilation=False, dim_feedforward=2048, dist_url='env://', distributed=False, dropout=0.1, enc_layers=6, eos_coef=0.1, epochs=300, eval=False, frozen_weights=None, giou_loss_coef=2, hidden_dim=256, lr=0.01, lr_backbone=1e-05, lr_drop=200, mask_loss_coef=1, masks=False, nheads=8, num_queries=20, num_workers=10, output_dir='/storage/mynguyen/detr-output', position_embedding='sine', pre_norm=False, remove_difficult=False, resume='', seed=42, set_cost_bbox=5, set_cost_class=1, set_cost_giou=2, start_epoch=0, weight_decay=0.0001, world_size=1)
number of params: 41281888
loading annotations into memory...
Done (t=2.54s)
creating index...
index created!
loading annotations into memory...
Done (t=0.22s)
creating index...
index created!
Start training
Not using distributed mode
git:
  sha: c281874926e119e667220dbe0dcba376bd14ff27, status: clean, branch: master

Namespace(aux_loss=True, backbone='resnet50', batch_size=32, bbox_loss_coef=5, clip_max_norm=0.1, coco_panoptic_path=None, coco_path='/home/nhmy/workspace/dataset/visdrone-coco/', dataset_file='coco', dec_layers=6, device='cuda', dice_loss_coef=1, dilation=False, dim_feedforward=2048, dist_url='env://', distributed=False, dropout=0.1, enc_layers=6, eos_coef=0.1, epochs=300, eval=False, frozen_weights=None, giou_loss_coef=2, hidden_dim=256, lr=0.01, lr_backbone=1e-05, lr_drop=200, mask_loss_coef=1, masks=False, nheads=8, num_queries=20, num_workers=10, output_dir='/storage/mynguyen/detr-output', position_embedding='sine', pre_norm=False, remove_difficult=False, resume='', seed=42, set_cost_bbox=5, set_cost_class=1, set_cost_giou=2, start_epoch=0, weight_decay=0.0001, world_size=1)
number of params: 41281888
loading annotations into memory...
Done (t=2.09s)
creating index...
index created!
loading annotations into memory...
Done (t=0.17s)
creating index...
index created!
Start training
Not using distributed mode
git:
  sha: c281874926e119e667220dbe0dcba376bd14ff27, status: has uncommited changes, branch: master

Namespace(aux_loss=True, backbone='resnet50', batch_size=16, bbox_loss_coef=5, clip_max_norm=0.1, coco_panoptic_path=None, coco_path='/home/nhmy/workspace/dataset/visdrone-coco/', dataset_file='coco', dec_layers=6, device='cuda', dice_loss_coef=1, dilation=False, dim_feedforward=2048, dist_url='env://', distributed=False, dropout=0.1, enc_layers=6, eos_coef=0.1, epochs=300, eval=False, frozen_weights=None, giou_loss_coef=2, hidden_dim=256, lr=0.01, lr_backbone=1e-05, lr_drop=200, mask_loss_coef=1, masks=False, nheads=8, num_queries=20, num_workers=10, output_dir='/storage/mynguyen/detr-output', position_embedding='sine', pre_norm=False, remove_difficult=False, resume='', seed=42, set_cost_bbox=5, set_cost_class=1, set_cost_giou=2, start_epoch=0, weight_decay=0.0001, world_size=1)
number of params: 41281888
loading annotations into memory...
Done (t=2.07s)
creating index...
index created!
loading annotations into memory...
Done (t=0.16s)
creating index...
index created!
Start training
Not using distributed mode
git:
  sha: c281874926e119e667220dbe0dcba376bd14ff27, status: has uncommited changes, branch: master

Namespace(aux_loss=True, backbone='resnet50', batch_size=8, bbox_loss_coef=5, clip_max_norm=0.1, coco_panoptic_path=None, coco_path='/home/nhmy/workspace/dataset/visdrone-coco/', dataset_file='coco', dec_layers=6, device='cuda', dice_loss_coef=1, dilation=False, dim_feedforward=2048, dist_url='env://', distributed=False, dropout=0.1, enc_layers=6, eos_coef=0.1, epochs=300, eval=False, frozen_weights=None, giou_loss_coef=2, hidden_dim=256, lr=0.01, lr_backbone=1e-05, lr_drop=200, mask_loss_coef=1, masks=False, nheads=8, num_queries=20, num_workers=10, output_dir='/storage/mynguyen/detr-output', position_embedding='sine', pre_norm=False, remove_difficult=False, resume='', seed=42, set_cost_bbox=5, set_cost_class=1, set_cost_giou=2, start_epoch=0, weight_decay=0.0001, world_size=1)
number of params: 41281888
loading annotations into memory...
Done (t=1.88s)
creating index...
index created!
loading annotations into memory...
Done (t=0.16s)
creating index...
index created!
Start training
Not using distributed mode
git:
  sha: c281874926e119e667220dbe0dcba376bd14ff27, status: has uncommited changes, branch: master

Namespace(aux_loss=True, backbone='resnet50', batch_size=2, bbox_loss_coef=5, clip_max_norm=0.1, coco_panoptic_path=None, coco_path='/home/nhmy/workspace/dataset/visdrone-coco/', dataset_file='coco', dec_layers=6, device='cuda', dice_loss_coef=1, dilation=False, dim_feedforward=2048, dist_url='env://', distributed=False, dropout=0.1, enc_layers=6, eos_coef=0.1, epochs=300, eval=False, frozen_weights=None, giou_loss_coef=2, hidden_dim=256, lr=0.01, lr_backbone=1e-05, lr_drop=200, mask_loss_coef=1, masks=False, nheads=8, num_queries=20, num_workers=10, output_dir='/storage/mynguyen/detr-output', position_embedding='sine', pre_norm=False, remove_difficult=False, resume='', seed=42, set_cost_bbox=5, set_cost_class=1, set_cost_giou=2, start_epoch=0, weight_decay=0.0001, world_size=1)
number of params: 41281888
loading annotations into memory...
Done (t=1.89s)
creating index...
index created!
loading annotations into memory...
Done (t=0.16s)
creating index...
index created!
Start training
Epoch: [0]  [   0/3235]  eta: 1:28:58  lr: 0.010000  class_error: 100.00  loss: 48.6678 (48.6678)  loss_ce: 4.8797 (4.8797)  loss_bbox: 2.5429 (2.5429)  loss_giou: 0.9543 (0.9543)  loss_ce_0: 4.9444 (4.9444)  loss_bbox_0: 2.5456 (2.5456)  loss_giou_0: 0.9541 (0.9541)  loss_ce_1: 4.4769 (4.4769)  loss_bbox_1: 2.5545 (2.5545)  loss_giou_1: 0.9505 (0.9505)  loss_ce_2: 4.2423 (4.2423)  loss_bbox_2: 2.5347 (2.5347)  loss_giou_2: 0.9541 (0.9541)  loss_ce_3: 4.6201 (4.6201)  loss_bbox_3: 2.4956 (2.4956)  loss_giou_3: 0.9536 (0.9536)  loss_ce_4: 4.5514 (4.5514)  loss_bbox_4: 2.5618 (2.5618)  loss_giou_4: 0.9516 (0.9516)  loss_ce_unscaled: 4.8797 (4.8797)  class_error_unscaled: 100.0000 (100.0000)  loss_bbox_unscaled: 0.5086 (0.5086)  loss_giou_unscaled: 0.4771 (0.4771)  cardinality_error_unscaled: 22.5000 (22.5000)  loss_ce_0_unscaled: 4.9444 (4.9444)  loss_bbox_0_unscaled: 0.5091 (0.5091)  loss_giou_0_unscaled: 0.4770 (0.4770)  cardinality_error_0_unscaled: 22.5000 (22.5000)  loss_ce_1_unscaled: 4.4769 (4.4769)  loss_bbox_1_unscaled: 0.5109 (0.5109)  loss_giou_1_unscaled: 0.4752 (0.4752)  cardinality_error_1_unscaled: 22.5000 (22.5000)  loss_ce_2_unscaled: 4.2423 (4.2423)  loss_bbox_2_unscaled: 0.5069 (0.5069)  loss_giou_2_unscaled: 0.4770 (0.4770)  cardinality_error_2_unscaled: 22.5000 (22.5000)  loss_ce_3_unscaled: 4.6201 (4.6201)  loss_bbox_3_unscaled: 0.4991 (0.4991)  loss_giou_3_unscaled: 0.4768 (0.4768)  cardinality_error_3_unscaled: 22.5000 (22.5000)  loss_ce_4_unscaled: 4.5514 (4.5514)  loss_bbox_4_unscaled: 0.5124 (0.5124)  loss_giou_4_unscaled: 0.4758 (0.4758)  cardinality_error_4_unscaled: 22.5000 (22.5000)  time: 1.6502  data: 1.1610  max mem: 2310
Epoch: [0]  [  10/3235]  eta: 0:26:17  lr: 0.010000  class_error: 65.00  loss: 34.3088 (35.0402)  loss_ce: 2.1801 (2.7283)  loss_bbox: 1.7628 (1.6728)  loss_giou: 1.3465 (1.5358)  loss_ce_0: 2.1953 (2.5908)  loss_bbox_0: 1.4478 (1.6731)  loss_giou_0: 1.4184 (1.5791)  loss_ce_1: 2.4299 (2.5712)  loss_bbox_1: 1.4823 (1.6779)  loss_giou_1: 1.4205 (1.5579)  loss_ce_2: 2.5646 (2.5981)  loss_bbox_2: 1.6530 (1.6822)  loss_giou_2: 1.4015 (1.5366)  loss_ce_3: 2.3193 (2.5612)  loss_bbox_3: 1.7594 (1.7081)  loss_giou_3: 1.3475 (1.5369)  loss_ce_4: 2.3179 (2.5977)  loss_bbox_4: 1.5676 (1.6862)  loss_giou_4: 1.4212 (1.5462)  loss_ce_unscaled: 2.1801 (2.7283)  class_error_unscaled: 70.0000 (68.8228)  loss_bbox_unscaled: 0.3526 (0.3346)  loss_giou_unscaled: 0.6732 (0.7679)  cardinality_error_unscaled: 22.5000 (36.0909)  loss_ce_0_unscaled: 2.1953 (2.5908)  loss_bbox_0_unscaled: 0.2896 (0.3346)  loss_giou_0_unscaled: 0.7092 (0.7896)  cardinality_error_0_unscaled: 22.5000 (36.0909)  loss_ce_1_unscaled: 2.4299 (2.5712)  loss_bbox_1_unscaled: 0.2965 (0.3356)  loss_giou_1_unscaled: 0.7102 (0.7789)  cardinality_error_1_unscaled: 22.5000 (36.0909)  loss_ce_2_unscaled: 2.5646 (2.5981)  loss_bbox_2_unscaled: 0.3306 (0.3364)  loss_giou_2_unscaled: 0.7007 (0.7683)  cardinality_error_2_unscaled: 22.5000 (36.0909)  loss_ce_3_unscaled: 2.3193 (2.5612)  loss_bbox_3_unscaled: 0.3519 (0.3416)  loss_giou_3_unscaled: 0.6738 (0.7685)  cardinality_error_3_unscaled: 22.5000 (36.0909)  loss_ce_4_unscaled: 2.3179 (2.5977)  loss_bbox_4_unscaled: 0.3135 (0.3372)  loss_giou_4_unscaled: 0.7106 (0.7731)  cardinality_error_4_unscaled: 22.5000 (36.0909)  time: 0.4892  data: 0.1167  max mem: 3209
Epoch: [0]  [  20/3235]  eta: 0:23:31  lr: 0.010000  class_error: 62.50  loss: 26.6379 (33.1819)  loss_ce: 2.1485 (2.4180)  loss_bbox: 0.9717 (1.4834)  loss_giou: 1.3465 (1.6843)  loss_ce_0: 2.1234 (2.3581)  loss_bbox_0: 0.9274 (1.4499)  loss_giou_0: 1.4184 (1.7024)  loss_ce_1: 2.2291 (2.3495)  loss_bbox_1: 0.9825 (1.4791)  loss_giou_1: 1.4205 (1.6934)  loss_ce_2: 2.0659 (2.3383)  loss_bbox_2: 0.9567 (1.4766)  loss_giou_2: 1.4015 (1.6879)  loss_ce_3: 2.1369 (2.3363)  loss_bbox_3: 1.0246 (1.5152)  loss_giou_3: 1.3475 (1.6859)  loss_ce_4: 2.0769 (2.3313)  loss_bbox_4: 1.0358 (1.4928)  loss_giou_4: 1.4212 (1.6995)  loss_ce_unscaled: 2.1485 (2.4180)  class_error_unscaled: 65.0000 (63.5978)  loss_bbox_unscaled: 0.1943 (0.2967)  loss_giou_unscaled: 0.6732 (0.8421)  cardinality_error_unscaled: 27.0000 (36.0238)  loss_ce_0_unscaled: 2.1234 (2.3581)  loss_bbox_0_unscaled: 0.1855 (0.2900)  loss_giou_0_unscaled: 0.7092 (0.8512)  cardinality_error_0_unscaled: 27.0000 (36.0238)  loss_ce_1_unscaled: 2.2291 (2.3495)  loss_bbox_1_unscaled: 0.1965 (0.2958)  loss_giou_1_unscaled: 0.7102 (0.8467)  cardinality_error_1_unscaled: 27.0000 (36.0238)  loss_ce_2_unscaled: 2.0659 (2.3383)  loss_bbox_2_unscaled: 0.1913 (0.2953)  loss_giou_2_unscaled: 0.7007 (0.8439)  cardinality_error_2_unscaled: 27.0000 (36.0238)  loss_ce_3_unscaled: 2.1369 (2.3363)  loss_bbox_3_unscaled: 0.2049 (0.3030)  loss_giou_3_unscaled: 0.6738 (0.8429)  cardinality_error_3_unscaled: 27.0000 (36.0238)  loss_ce_4_unscaled: 2.0769 (2.3313)  loss_bbox_4_unscaled: 0.2072 (0.2986)  loss_giou_4_unscaled: 0.7106 (0.8498)  cardinality_error_4_unscaled: 27.0000 (36.0238)  time: 0.3785  data: 0.0107  max mem: 3213
Epoch: [0]  [  30/3235]  eta: 0:22:23  lr: 0.010000  class_error: 63.64  loss: 23.0186 (32.2669)  loss_ce: 2.0681 (2.3564)  loss_bbox: 0.6265 (1.3582)  loss_giou: 1.2542 (1.7000)  loss_ce_0: 2.0858 (2.3047)  loss_bbox_0: 0.5736 (1.3055)  loss_giou_0: 1.2513 (1.6781)  loss_ce_1: 2.2518 (2.3535)  loss_bbox_1: 0.5825 (1.3155)  loss_giou_1: 1.2492 (1.6747)  loss_ce_2: 2.0659 (2.3535)  loss_bbox_2: 0.6136 (1.3377)  loss_giou_2: 1.2631 (1.6953)  loss_ce_3: 2.2049 (2.3615)  loss_bbox_3: 0.6492 (1.3810)  loss_giou_3: 1.2612 (1.6954)  loss_ce_4: 2.0534 (2.3024)  loss_bbox_4: 0.6551 (1.3804)  loss_giou_4: 1.2517 (1.7131)  loss_ce_unscaled: 2.0681 (2.3564)  class_error_unscaled: 62.5000 (65.0039)  loss_bbox_unscaled: 0.1253 (0.2716)  loss_giou_unscaled: 0.6271 (0.8500)  cardinality_error_unscaled: 35.0000 (39.7903)  loss_ce_0_unscaled: 2.0858 (2.3047)  loss_bbox_0_unscaled: 0.1147 (0.2611)  loss_giou_0_unscaled: 0.6257 (0.8390)  cardinality_error_0_unscaled: 35.0000 (39.7903)  loss_ce_1_unscaled: 2.2518 (2.3535)  loss_bbox_1_unscaled: 0.1165 (0.2631)  loss_giou_1_unscaled: 0.6246 (0.8374)  cardinality_error_1_unscaled: 35.0000 (39.7903)  loss_ce_2_unscaled: 2.0659 (2.3535)  loss_bbox_2_unscaled: 0.1227 (0.2675)  loss_giou_2_unscaled: 0.6316 (0.8477)  cardinality_error_2_unscaled: 35.0000 (39.7903)  loss_ce_3_unscaled: 2.2049 (2.3615)  loss_bbox_3_unscaled: 0.1298 (0.2762)  loss_giou_3_unscaled: 0.6306 (0.8477)  cardinality_error_3_unscaled: 35.0000 (39.7903)  loss_ce_4_unscaled: 2.0534 (2.3024)  loss_bbox_4_unscaled: 0.1310 (0.2761)  loss_giou_4_unscaled: 0.6259 (0.8566)  cardinality_error_4_unscaled: 35.0000 (39.7903)  time: 0.3808  data: 0.0107  max mem: 3393
Epoch: [0]  [  40/3235]  eta: 0:21:40  lr: 0.010000  class_error: 77.50  loss: 21.9598 (30.9863)  loss_ce: 1.8731 (2.2380)  loss_bbox: 0.6866 (1.2706)  loss_giou: 1.2469 (1.6799)  loss_ce_0: 1.9652 (2.2102)  loss_bbox_0: 0.6954 (1.2256)  loss_giou_0: 1.2513 (1.6719)  loss_ce_1: 2.0696 (2.2558)  loss_bbox_1: 0.6009 (1.2194)  loss_giou_1: 1.2492 (1.6640)  loss_ce_2: 2.0751 (2.2618)  loss_bbox_2: 0.6719 (1.2326)  loss_giou_2: 1.1613 (1.6670)  loss_ce_3: 1.9788 (2.2301)  loss_bbox_3: 0.6466 (1.2881)  loss_giou_3: 1.2612 (1.6886)  loss_ce_4: 1.8452 (2.1988)  loss_bbox_4: 0.6981 (1.2984)  loss_giou_4: 1.2517 (1.6852)  loss_ce_unscaled: 1.8731 (2.2380)  class_error_unscaled: 63.6364 (64.2367)  loss_bbox_unscaled: 0.1373 (0.2541)  loss_giou_unscaled: 0.6234 (0.8400)  cardinality_error_unscaled: 35.0000 (37.3659)  loss_ce_0_unscaled: 1.9652 (2.2102)  loss_bbox_0_unscaled: 0.1391 (0.2451)  loss_giou_0_unscaled: 0.6257 (0.8360)  cardinality_error_0_unscaled: 35.0000 (37.3659)  loss_ce_1_unscaled: 2.0696 (2.2558)  loss_bbox_1_unscaled: 0.1202 (0.2439)  loss_giou_1_unscaled: 0.6246 (0.8320)  cardinality_error_1_unscaled: 35.0000 (37.3659)  loss_ce_2_unscaled: 2.0751 (2.2618)  loss_bbox_2_unscaled: 0.1344 (0.2465)  loss_giou_2_unscaled: 0.5807 (0.8335)  cardinality_error_2_unscaled: 35.0000 (37.3659)  loss_ce_3_unscaled: 1.9788 (2.2301)  loss_bbox_3_unscaled: 0.1293 (0.2576)  loss_giou_3_unscaled: 0.6306 (0.8443)  cardinality_error_3_unscaled: 35.0000 (37.3659)  loss_ce_4_unscaled: 1.8452 (2.1988)  loss_bbox_4_unscaled: 0.1396 (0.2597)  loss_giou_4_unscaled: 0.6259 (0.8426)  cardinality_error_4_unscaled: 35.0000 (37.3659)  time: 0.3733  data: 0.0118  max mem: 3393Not using distributed mode
git:
  sha: c281874926e119e667220dbe0dcba376bd14ff27, status: has uncommited changes, branch: master

Namespace(aux_loss=True, backbone='resnet50', batch_size=4, bbox_loss_coef=5, clip_max_norm=0.1, coco_panoptic_path=None, coco_path='/home/nhmy/workspace/dataset/visdrone-coco/', dataset_file='coco', dec_layers=6, device='cuda', dice_loss_coef=1, dilation=False, dim_feedforward=2048, dist_url='env://', distributed=False, dropout=0.1, enc_layers=6, eos_coef=0.1, epochs=300, eval=False, frozen_weights=None, giou_loss_coef=2, hidden_dim=256, lr=0.01, lr_backbone=1e-05, lr_drop=200, mask_loss_coef=1, masks=False, nheads=8, num_queries=20, num_workers=10, output_dir='/storage/mynguyen/detr-output', position_embedding='sine', pre_norm=False, remove_difficult=False, resume='', seed=42, set_cost_bbox=5, set_cost_class=1, set_cost_giou=2, start_epoch=0, weight_decay=0.0001, world_size=1)
number of params: 41281888
loading annotations into memory...
Done (t=2.06s)
creating index...
index created!
loading annotations into memory...
Done (t=0.16s)
creating index...
index created!
Start training
Epoch: [0]  [   0/1617]  eta: 0:58:13  lr: 0.010000  class_error: 98.75  loss: 54.7644 (54.7644)  loss_ce: 4.6455 (4.6455)  loss_bbox: 3.2691 (3.2691)  loss_giou: 1.2161 (1.2161)  loss_ce_0: 5.1194 (5.1194)  loss_bbox_0: 3.2887 (3.2887)  loss_giou_0: 1.2183 (1.2183)  loss_ce_1: 4.6332 (4.6332)  loss_bbox_1: 3.2930 (3.2930)  loss_giou_1: 1.2141 (1.2141)  loss_ce_2: 4.2388 (4.2388)  loss_bbox_2: 3.2942 (3.2942)  loss_giou_2: 1.2155 (1.2155)  loss_ce_3: 4.5927 (4.5927)  loss_bbox_3: 3.2591 (3.2591)  loss_giou_3: 1.2169 (1.2169)  loss_ce_4: 4.5441 (4.5441)  loss_bbox_4: 3.2899 (3.2899)  loss_giou_4: 1.2157 (1.2157)  loss_ce_unscaled: 4.6455 (4.6455)  class_error_unscaled: 98.7500 (98.7500)  loss_bbox_unscaled: 0.6538 (0.6538)  loss_giou_unscaled: 0.6081 (0.6081)  cardinality_error_unscaled: 14.5000 (14.5000)  loss_ce_0_unscaled: 5.1194 (5.1194)  loss_bbox_0_unscaled: 0.6577 (0.6577)  loss_giou_0_unscaled: 0.6092 (0.6092)  cardinality_error_0_unscaled: 14.5000 (14.5000)  loss_ce_1_unscaled: 4.6332 (4.6332)  loss_bbox_1_unscaled: 0.6586 (0.6586)  loss_giou_1_unscaled: 0.6070 (0.6070)  cardinality_error_1_unscaled: 14.5000 (14.5000)  loss_ce_2_unscaled: 4.2388 (4.2388)  loss_bbox_2_unscaled: 0.6588 (0.6588)  loss_giou_2_unscaled: 0.6078 (0.6078)  cardinality_error_2_unscaled: 14.5000 (14.5000)  loss_ce_3_unscaled: 4.5927 (4.5927)  loss_bbox_3_unscaled: 0.6518 (0.6518)  loss_giou_3_unscaled: 0.6085 (0.6085)  cardinality_error_3_unscaled: 14.5000 (14.5000)  loss_ce_4_unscaled: 4.5441 (4.5441)  loss_bbox_4_unscaled: 0.6580 (0.6580)  loss_giou_4_unscaled: 0.6078 (0.6078)  cardinality_error_4_unscaled: 14.5000 (14.5000)  time: 2.1606  data: 1.4501  max mem: 5266
Epoch: [0]  [  10/1617]  eta: 0:18:04  lr: 0.010000  class_error: 43.94  loss: 24.2553 (29.0559)  loss_ce: 1.8563 (2.4874)  loss_bbox: 0.6766 (1.1327)  loss_giou: 1.1725 (1.2959)  loss_ce_0: 1.9664 (2.4507)  loss_bbox_0: 0.6546 (1.0959)  loss_giou_0: 1.2183 (1.3078)  loss_ce_1: 1.8748 (2.4448)  loss_bbox_1: 0.6559 (1.1161)  loss_giou_1: 1.2141 (1.3041)  loss_ce_2: 1.8349 (2.3707)  loss_bbox_2: 0.6601 (1.1222)  loss_giou_2: 1.2145 (1.2924)  loss_ce_3: 1.8521 (2.3911)  loss_bbox_3: 0.6318 (1.1084)  loss_giou_3: 1.2154 (1.3081)  loss_ce_4: 1.9176 (2.4100)  loss_bbox_4: 0.6584 (1.1115)  loss_giou_4: 1.1975 (1.3062)  loss_ce_unscaled: 1.8563 (2.4874)  class_error_unscaled: 52.5000 (57.3563)  loss_bbox_unscaled: 0.1353 (0.2265)  loss_giou_unscaled: 0.5862 (0.6480)  cardinality_error_unscaled: 36.2500 (37.9318)  loss_ce_0_unscaled: 1.9664 (2.4507)  loss_bbox_0_unscaled: 0.1309 (0.2192)  loss_giou_0_unscaled: 0.6092 (0.6539)  cardinality_error_0_unscaled: 36.2500 (37.9318)  loss_ce_1_unscaled: 1.8748 (2.4448)  loss_bbox_1_unscaled: 0.1312 (0.2232)  loss_giou_1_unscaled: 0.6070 (0.6520)  cardinality_error_1_unscaled: 36.2500 (37.9318)  loss_ce_2_unscaled: 1.8349 (2.3707)  loss_bbox_2_unscaled: 0.1320 (0.2244)  loss_giou_2_unscaled: 0.6072 (0.6462)  cardinality_error_2_unscaled: 36.2500 (37.9318)  loss_ce_3_unscaled: 1.8521 (2.3911)  loss_bbox_3_unscaled: 0.1264 (0.2217)  loss_giou_3_unscaled: 0.6077 (0.6541)  cardinality_error_3_unscaled: 36.2500 (37.9318)  loss_ce_4_unscaled: 1.9176 (2.4100)  loss_bbox_4_unscaled: 0.1317 (0.2223)  loss_giou_4_unscaled: 0.5988 (0.6531)  cardinality_error_4_unscaled: 36.2500 (37.9318)  time: 0.6747  data: 0.1500  max mem: 5809
Epoch: [0]  [  20/1617]  eta: 0:16:20  lr: 0.010000  class_error: 74.60  loss: 23.1187 (26.6751)  loss_ce: 1.9446 (2.2701)  loss_bbox: 0.6070 (0.9571)  loss_giou: 1.0100 (1.2671)  loss_ce_0: 1.9210 (2.2209)  loss_bbox_0: 0.5615 (0.9212)  loss_giou_0: 1.0538 (1.2811)  loss_ce_1: 2.0290 (2.2500)  loss_bbox_1: 0.6049 (0.9487)  loss_giou_1: 1.0414 (1.2725)  loss_ce_2: 1.8775 (2.1843)  loss_bbox_2: 0.5895 (0.9395)  loss_giou_2: 1.0470 (1.2761)  loss_ce_3: 1.9368 (2.2105)  loss_bbox_3: 0.6226 (0.9502)  loss_giou_3: 1.0078 (1.2775)  loss_ce_4: 1.9365 (2.2226)  loss_bbox_4: 0.6007 (0.9578)  loss_giou_4: 1.0149 (1.2679)  loss_ce_unscaled: 1.9446 (2.2701)  class_error_unscaled: 55.2632 (62.2561)  loss_bbox_unscaled: 0.1214 (0.1914)  loss_giou_unscaled: 0.5050 (0.6335)  cardinality_error_unscaled: 36.2500 (39.3571)  loss_ce_0_unscaled: 1.9210 (2.2209)  loss_bbox_0_unscaled: 0.1123 (0.1842)  loss_giou_0_unscaled: 0.5269 (0.6405)  cardinality_error_0_unscaled: 36.2500 (39.3571)  loss_ce_1_unscaled: 2.0290 (2.2500)  loss_bbox_1_unscaled: 0.1210 (0.1897)  loss_giou_1_unscaled: 0.5207 (0.6362)  cardinality_error_1_unscaled: 36.2500 (39.3571)  loss_ce_2_unscaled: 1.8775 (2.1843)  loss_bbox_2_unscaled: 0.1179 (0.1879)  loss_giou_2_unscaled: 0.5235 (0.6380)  cardinality_error_2_unscaled: 36.2500 (39.3571)  loss_ce_3_unscaled: 1.9368 (2.2105)  loss_bbox_3_unscaled: 0.1245 (0.1900)  loss_giou_3_unscaled: 0.5039 (0.6388)  cardinality_error_3_unscaled: 36.2500 (39.3571)  loss_ce_4_unscaled: 1.9365 (2.2226)  loss_bbox_4_unscaled: 0.1201 (0.1916)  loss_giou_4_unscaled: 0.5074 (0.6339)  cardinality_error_4_unscaled: 36.2500 (39.3571)  time: 0.5366  data: 0.0181  max mem: 6126
Epoch: [0]  [  30/1617]  eta: 0:15:26  lr: 0.010000  class_error: 51.39  loss: 21.4876 (25.5617)  loss_ce: 1.8320 (2.1070)  loss_bbox: 0.7126 (0.9057)  loss_giou: 1.1389 (1.2839)  loss_ce_0: 1.8398 (2.0744)  loss_bbox_0: 0.6544 (0.8862)  loss_giou_0: 1.0939 (1.2908)  loss_ce_1: 1.8628 (2.1017)  loss_bbox_1: 0.6917 (0.8829)  loss_giou_1: 1.1826 (1.2920)  loss_ce_2: 1.8649 (2.0431)  loss_bbox_2: 0.6976 (0.9031)  loss_giou_2: 1.1440 (1.2787)  loss_ce_3: 1.8161 (2.0836)  loss_bbox_3: 0.6779 (0.8928)  loss_giou_3: 1.1858 (1.2887)  loss_ce_4: 1.8453 (2.0689)  loss_bbox_4: 0.6807 (0.9026)  loss_giou_4: 1.1502 (1.2757)  loss_ce_unscaled: 1.8320 (2.1070)  class_error_unscaled: 60.8108 (60.3675)  loss_bbox_unscaled: 0.1425 (0.1811)  loss_giou_unscaled: 0.5695 (0.6420)  cardinality_error_unscaled: 33.2500 (36.9597)  loss_ce_0_unscaled: 1.8398 (2.0744)  loss_bbox_0_unscaled: 0.1309 (0.1772)  loss_giou_0_unscaled: 0.5469 (0.6454)  cardinality_error_0_unscaled: 33.2500 (36.9597)  loss_ce_1_unscaled: 1.8628 (2.1017)  loss_bbox_1_unscaled: 0.1383 (0.1766)  loss_giou_1_unscaled: 0.5913 (0.6460)  cardinality_error_1_unscaled: 33.2500 (36.9597)  loss_ce_2_unscaled: 1.8649 (2.0431)  loss_bbox_2_unscaled: 0.1395 (0.1806)  loss_giou_2_unscaled: 0.5720 (0.6393)  cardinality_error_2_unscaled: 33.2500 (36.9597)  loss_ce_3_unscaled: 1.8161 (2.0836)  loss_bbox_3_unscaled: 0.1356 (0.1786)  loss_giou_3_unscaled: 0.5929 (0.6443)  cardinality_error_3_unscaled: 33.2500 (36.9597)  loss_ce_4_unscaled: 1.8453 (2.0689)  loss_bbox_4_unscaled: 0.1361 (0.1805)  loss_giou_4_unscaled: 0.5751 (0.6378)  cardinality_error_4_unscaled: 33.2500 (36.9597)  time: 0.5337  data: 0.0188  max mem: 6736
Epoch: [0]  [  40/1617]  eta: 0:15:04  lr: 0.010000  class_error: 60.00  loss: 21.7830 (24.8546)  loss_ce: 1.6920 (1.9939)  loss_bbox: 0.7333 (0.8754)  loss_giou: 1.3105 (1.2987)  loss_ce_0: 1.6795 (1.9692)  loss_bbox_0: 0.7818 (0.8588)  loss_giou_0: 1.3341 (1.3056)  loss_ce_1: 1.7097 (2.0035)  loss_bbox_1: 0.7644 (0.8600)  loss_giou_1: 1.3178 (1.3059)  loss_ce_2: 1.6327 (1.9479)  loss_bbox_2: 0.7583 (0.8682)  loss_giou_2: 1.2309 (1.2967)  loss_ce_3: 1.7172 (1.9838)  loss_bbox_3: 0.7221 (0.8556)  loss_giou_3: 1.2901 (1.3101)  loss_ce_4: 1.6327 (1.9585)  loss_bbox_4: 0.7029 (0.8653)  loss_giou_4: 1.2623 (1.2976)  loss_ce_unscaled: 1.6920 (1.9939)  class_error_unscaled: 51.3889 (57.4763)  loss_bbox_unscaled: 0.1467 (0.1751)  loss_giou_unscaled: 0.6552 (0.6494)  cardinality_error_unscaled: 29.7500 (36.0427)  loss_ce_0_unscaled: 1.6795 (1.9692)  loss_bbox_0_unscaled: 0.1564 (0.1718)  loss_giou_0_unscaled: 0.6670 (0.6528)  cardinality_error_0_unscaled: 29.7500 (36.0427)  loss_ce_1_unscaled: 1.7097 (2.0035)  loss_bbox_1_unscaled: 0.1529 (0.1720)  loss_giou_1_unscaled: 0.6589 (0.6529)  cardinality_error_1_unscaled: 29.7500 (36.0427)  loss_ce_2_unscaled: 1.6327 (1.9479)  loss_bbox_2_unscaled: 0.1517 (0.1736)  loss_giou_2_unscaled: 0.6155 (0.6484)  cardinality_error_2_unscaled: 29.7500 (36.0427)  loss_ce_3_unscaled: 1.7172 (1.9838)  loss_bbox_3_unscaled: 0.1444 (0.1711)  loss_giou_3_unscaled: 0.6451 (0.6550)  cardinality_error_3_unscaled: 29.7500 (36.0427)  loss_ce_4_unscaled: 1.6327 (1.9585)  loss_bbox_4_unscaled: 0.1406 (0.1731)  loss_giou_4_unscaled: 0.6311 (0.6488)  cardinality_error_4_unscaled: 29.7500 (36.0427)  time: 0.5310  data: 0.0219  max mem: 6736Not using distributed mode
git:
  sha: c281874926e119e667220dbe0dcba376bd14ff27, status: has uncommited changes, branch: master

Namespace(aux_loss=True, backbone='resnet50', batch_size=6, bbox_loss_coef=5, clip_max_norm=0.1, coco_panoptic_path=None, coco_path='/home/nhmy/workspace/dataset/visdrone-coco/', dataset_file='coco', dec_layers=6, device='cuda', dice_loss_coef=1, dilation=False, dim_feedforward=2048, dist_url='env://', distributed=False, dropout=0.1, enc_layers=6, eos_coef=0.1, epochs=300, eval=False, frozen_weights=None, giou_loss_coef=2, hidden_dim=256, lr=0.01, lr_backbone=1e-05, lr_drop=200, mask_loss_coef=1, masks=False, nheads=8, num_queries=20, num_workers=10, output_dir='/storage/mynguyen/detr-output', position_embedding='sine', pre_norm=False, remove_difficult=False, resume='', seed=42, set_cost_bbox=5, set_cost_class=1, set_cost_giou=2, start_epoch=0, weight_decay=0.0001, world_size=1)
number of params: 41281888
loading annotations into memory...
Done (t=1.93s)
creating index...
index created!
loading annotations into memory...
Done (t=0.16s)
creating index...
index created!
Start training
Epoch: [0]  [   0/1078]  eta: 0:47:47  lr: 0.010000  class_error: 100.00  loss: 50.1942 (50.1942)  loss_ce: 4.7172 (4.7172)  loss_bbox: 2.7177 (2.7177)  loss_giou: 1.0130 (1.0130)  loss_ce_0: 5.1041 (5.1041)  loss_bbox_0: 2.7117 (2.7117)  loss_giou_0: 1.0172 (1.0172)  loss_ce_1: 4.6005 (4.6005)  loss_bbox_1: 2.7250 (2.7250)  loss_giou_1: 1.0145 (1.0145)  loss_ce_2: 4.2306 (4.2306)  loss_bbox_2: 2.7367 (2.7367)  loss_giou_2: 1.0155 (1.0155)  loss_ce_3: 4.5650 (4.5650)  loss_bbox_3: 2.7130 (2.7130)  loss_giou_3: 1.0170 (1.0170)  loss_ce_4: 4.5448 (4.5448)  loss_bbox_4: 2.7352 (2.7352)  loss_giou_4: 1.0154 (1.0154)  loss_ce_unscaled: 4.7172 (4.7172)  class_error_unscaled: 100.0000 (100.0000)  loss_bbox_unscaled: 0.5435 (0.5435)  loss_giou_unscaled: 0.5065 (0.5065)  cardinality_error_unscaled: 21.8333 (21.8333)  loss_ce_0_unscaled: 5.1041 (5.1041)  loss_bbox_0_unscaled: 0.5423 (0.5423)  loss_giou_0_unscaled: 0.5086 (0.5086)  cardinality_error_0_unscaled: 21.8333 (21.8333)  loss_ce_1_unscaled: 4.6005 (4.6005)  loss_bbox_1_unscaled: 0.5450 (0.5450)  loss_giou_1_unscaled: 0.5073 (0.5073)  cardinality_error_1_unscaled: 21.8333 (21.8333)  loss_ce_2_unscaled: 4.2306 (4.2306)  loss_bbox_2_unscaled: 0.5473 (0.5473)  loss_giou_2_unscaled: 0.5077 (0.5077)  cardinality_error_2_unscaled: 21.8333 (21.8333)  loss_ce_3_unscaled: 4.5650 (4.5650)  loss_bbox_3_unscaled: 0.5426 (0.5426)  loss_giou_3_unscaled: 0.5085 (0.5085)  cardinality_error_3_unscaled: 21.8333 (21.8333)  loss_ce_4_unscaled: 4.5448 (4.5448)  loss_bbox_4_unscaled: 0.5470 (0.5470)  loss_giou_4_unscaled: 0.5077 (0.5077)  cardinality_error_4_unscaled: 21.8333 (21.8333)  time: 2.6600  data: 1.8267  max mem: 7797
Epoch: [0]  [  10/1078]  eta: 0:15:25  lr: 0.010000  class_error: 67.65  loss: 25.1381 (28.7290)  loss_ce: 2.0646 (2.3283)  loss_bbox: 0.9150 (1.1918)  loss_giou: 1.0130 (1.2968)  loss_ce_0: 1.9823 (2.3232)  loss_bbox_0: 0.9395 (1.1863)  loss_giou_0: 1.0172 (1.2824)  loss_ce_1: 2.0251 (2.2900)  loss_bbox_1: 0.9369 (1.1954)  loss_giou_1: 1.0145 (1.2857)  loss_ce_2: 2.0577 (2.2853)  loss_bbox_2: 0.9128 (1.1948)  loss_giou_2: 1.0155 (1.2860)  loss_ce_3: 2.0708 (2.2832)  loss_bbox_3: 0.9140 (1.1982)  loss_giou_3: 1.0170 (1.2902)  loss_ce_4: 2.1743 (2.3232)  loss_bbox_4: 0.9086 (1.1999)  loss_giou_4: 1.0154 (1.2882)  loss_ce_unscaled: 2.0646 (2.3283)  class_error_unscaled: 50.8333 (55.6594)  loss_bbox_unscaled: 0.1830 (0.2384)  loss_giou_unscaled: 0.5065 (0.6484)  cardinality_error_unscaled: 38.6667 (36.6970)  loss_ce_0_unscaled: 1.9823 (2.3232)  loss_bbox_0_unscaled: 0.1879 (0.2373)  loss_giou_0_unscaled: 0.5086 (0.6412)  cardinality_error_0_unscaled: 38.6667 (36.6970)  loss_ce_1_unscaled: 2.0251 (2.2900)  loss_bbox_1_unscaled: 0.1874 (0.2391)  loss_giou_1_unscaled: 0.5073 (0.6428)  cardinality_error_1_unscaled: 38.6667 (36.6970)  loss_ce_2_unscaled: 2.0577 (2.2853)  loss_bbox_2_unscaled: 0.1826 (0.2390)  loss_giou_2_unscaled: 0.5077 (0.6430)  cardinality_error_2_unscaled: 38.6667 (36.6970)  loss_ce_3_unscaled: 2.0708 (2.2832)  loss_bbox_3_unscaled: 0.1828 (0.2396)  loss_giou_3_unscaled: 0.5085 (0.6451)  cardinality_error_3_unscaled: 38.6667 (36.6970)  loss_ce_4_unscaled: 2.1743 (2.3232)  loss_bbox_4_unscaled: 0.1817 (0.2400)  loss_giou_4_unscaled: 0.5077 (0.6441)  cardinality_error_4_unscaled: 38.6667 (36.6970)  time: 0.8661  data: 0.1849  max mem: 8856
